2024-11-07 13:10:27 [main] INFO  com.logger.LoggerUtility ---- Парсинг за допомогою SAX:
2024-11-07 13:10:27 [main] INFO  com.logger.LoggerUtility ---- Tour ID: T1, Country: France, Days/Nights: 3, Transport: Airplane, Cost: 1500.00, Hotel Characteristics: [HotelCharacteristicType{stars=4, foodIncluded=BB, roomType=Double, tv=true, airConditioner=true}]
2024-11-07 13:10:27 [main] INFO  com.logger.LoggerUtility ---- Tour ID: T2, Country: Italy, Days/Nights: 5, Transport: Train, Cost: 900.00, Hotel Characteristics: [HotelCharacteristicType{stars=3, foodIncluded=HB, roomType=Single, tv=false, airConditioner=false}]
2024-11-07 13:10:27 [main] INFO  com.logger.LoggerUtility ---- Tour ID: T3, Country: Greece, Days/Nights: 7, Transport: Airplane, Cost: 2000.00, Hotel Characteristics: [HotelCharacteristicType{stars=5, foodIncluded=All Inclusive, roomType=Double, tv=true, airConditioner=true}]
2024-11-07 13:10:27 [main] INFO  com.logger.LoggerUtility ---- Tour ID: T4, Country: Israel, Days/Nights: 4, Transport: Train, Cost: 1200.00, Hotel Characteristics: [HotelCharacteristicType{stars=3, foodIncluded=HB, roomType=Single, tv=true, airConditioner=false}]
2024-11-07 13:10:27 [main] INFO  com.logger.LoggerUtility ---- Tour ID: T5, Country: Germany, Days/Nights: 2, Transport: Car, Cost: 800.00, Hotel Characteristics: [HotelCharacteristicType{stars=4, foodIncluded=BB, roomType=Double, tv=true, airConditioner=true}]
2024-11-07 13:10:27 [main] INFO  com.logger.LoggerUtility ---- Tour ID: T6, Country: Spain, Days/Nights: 6, Transport: Airplane, Cost: 1400.00, Hotel Characteristics: [HotelCharacteristicType{stars=4, foodIncluded=HB, roomType=Triple, tv=true, airConditioner=true}]
2024-11-07 13:10:27 [main] INFO  com.logger.LoggerUtility ---- Tour ID: T7, Country: Thailand, Days/Nights: 10, Transport: Cruise, Cost: 3000.00, Hotel Characteristics: [HotelCharacteristicType{stars=5, foodIncluded=All Inclusive, roomType=Double, tv=true, airConditioner=true}]
2024-11-07 13:10:27 [main] INFO  com.logger.LoggerUtility ---- Tour ID: T8, Country: India, Days/Nights: 8, Transport: Train, Cost: 1100.00, Hotel Characteristics: [HotelCharacteristicType{stars=3, foodIncluded=BB, roomType=Single, tv=false, airConditioner=false}]
2024-11-07 13:10:27 [main] INFO  com.logger.LoggerUtility ---- Tour ID: T9, Country: Japan, Days/Nights: 3, Transport: Airplane, Cost: 2500.00, Hotel Characteristics: [HotelCharacteristicType{stars=4, foodIncluded=HB, roomType=Single, tv=true, airConditioner=true}]
2024-11-07 13:10:27 [main] INFO  com.logger.LoggerUtility ---- Tour ID: T10, Country: Brazil, Days/Nights: 7, Transport: Car, Cost: 1300.00, Hotel Characteristics: [HotelCharacteristicType{stars=3, foodIncluded=BB, roomType=Double, tv=true, airConditioner=true}]
2024-11-07 13:10:27 [main] INFO  com.logger.LoggerUtility ---- Парсинг за допомогою DOM:
2024-11-07 13:10:27 [main] INFO  com.logger.LoggerUtility ---- Tour ID: T5, Country: Germany, Days/Nights: 2, Transport: Car, Cost: 800.00, Hotel Characteristics: [HotelCharacteristicType{stars=4, foodIncluded=BB, roomType=Double, tv=true, airConditioner=true}]
2024-11-07 13:10:27 [main] INFO  com.logger.LoggerUtility ---- Tour ID: T2, Country: Italy, Days/Nights: 5, Transport: Train, Cost: 900.00, Hotel Characteristics: [HotelCharacteristicType{stars=3, foodIncluded=HB, roomType=Single, tv=false, airConditioner=false}]
2024-11-07 13:10:27 [main] INFO  com.logger.LoggerUtility ---- Tour ID: T8, Country: India, Days/Nights: 8, Transport: Train, Cost: 1100.00, Hotel Characteristics: [HotelCharacteristicType{stars=3, foodIncluded=BB, roomType=Single, tv=false, airConditioner=false}]
2024-11-07 13:10:27 [main] INFO  com.logger.LoggerUtility ---- Tour ID: T4, Country: Israel, Days/Nights: 4, Transport: Train, Cost: 1200.00, Hotel Characteristics: [HotelCharacteristicType{stars=3, foodIncluded=HB, roomType=Single, tv=true, airConditioner=false}]
2024-11-07 13:10:27 [main] INFO  com.logger.LoggerUtility ---- Tour ID: T10, Country: Brazil, Days/Nights: 7, Transport: Car, Cost: 1300.00, Hotel Characteristics: [HotelCharacteristicType{stars=3, foodIncluded=BB, roomType=Double, tv=true, airConditioner=true}]
2024-11-07 13:10:27 [main] INFO  com.logger.LoggerUtility ---- Tour ID: T6, Country: Spain, Days/Nights: 6, Transport: Airplane, Cost: 1400.00, Hotel Characteristics: [HotelCharacteristicType{stars=4, foodIncluded=HB, roomType=Triple, tv=true, airConditioner=true}]
2024-11-07 13:10:27 [main] INFO  com.logger.LoggerUtility ---- Tour ID: T1, Country: France, Days/Nights: 3, Transport: Airplane, Cost: 1500.00, Hotel Characteristics: [HotelCharacteristicType{stars=4, foodIncluded=BB, roomType=Double, tv=true, airConditioner=true}]
2024-11-07 13:10:27 [main] INFO  com.logger.LoggerUtility ---- Tour ID: T3, Country: Greece, Days/Nights: 7, Transport: Airplane, Cost: 2000.00, Hotel Characteristics: [HotelCharacteristicType{stars=5, foodIncluded=All Inclusive, roomType=Double, tv=true, airConditioner=true}]
2024-11-07 13:10:27 [main] INFO  com.logger.LoggerUtility ---- Tour ID: T9, Country: Japan, Days/Nights: 3, Transport: Airplane, Cost: 2500.00, Hotel Characteristics: [HotelCharacteristicType{stars=4, foodIncluded=HB, roomType=Single, tv=true, airConditioner=true}]
2024-11-07 13:10:27 [main] INFO  com.logger.LoggerUtility ---- Tour ID: T7, Country: Thailand, Days/Nights: 10, Transport: Cruise, Cost: 3000.00, Hotel Characteristics: [HotelCharacteristicType{stars=5, foodIncluded=All Inclusive, roomType=Double, tv=true, airConditioner=true}]
2024-11-07 13:10:27 [main] INFO  com.logger.LoggerUtility ---- Парсинг за допомогою StAX:
2024-11-07 13:10:27 [main] INFO  com.logger.LoggerUtility ---- Completed parsing XML file: src/resources/trips.xml
2024-11-07 13:10:27 [main] INFO  com.logger.LoggerUtility ---- Tour ID: T1, Country: France, Days/Nights: 3, Transport: Airplane, Cost: 1500.00, Hotel Characteristics: [HotelCharacteristicType{stars=4, foodIncluded=BB, roomType=Double, tv=false, airConditioner=false}]
2024-11-07 13:10:27 [main] INFO  com.logger.LoggerUtility ---- Tour ID: T2, Country: Italy, Days/Nights: 5, Transport: Train, Cost: 900.00, Hotel Characteristics: [HotelCharacteristicType{stars=3, foodIncluded=HB, roomType=Single, tv=false, airConditioner=false}]
2024-11-07 13:10:27 [main] INFO  com.logger.LoggerUtility ---- Tour ID: T3, Country: Greece, Days/Nights: 7, Transport: Airplane, Cost: 2000.00, Hotel Characteristics: [HotelCharacteristicType{stars=5, foodIncluded=All Inclusive, roomType=Double, tv=false, airConditioner=false}]
2024-11-07 13:10:27 [main] INFO  com.logger.LoggerUtility ---- Tour ID: T4, Country: Israel, Days/Nights: 4, Transport: Train, Cost: 1200.00, Hotel Characteristics: [HotelCharacteristicType{stars=3, foodIncluded=HB, roomType=Single, tv=false, airConditioner=false}]
2024-11-07 13:10:27 [main] INFO  com.logger.LoggerUtility ---- Tour ID: T5, Country: Germany, Days/Nights: 2, Transport: Car, Cost: 800.00, Hotel Characteristics: [HotelCharacteristicType{stars=4, foodIncluded=BB, roomType=Double, tv=false, airConditioner=false}]
2024-11-07 13:10:27 [main] INFO  com.logger.LoggerUtility ---- Tour ID: T6, Country: Spain, Days/Nights: 6, Transport: Airplane, Cost: 1400.00, Hotel Characteristics: [HotelCharacteristicType{stars=4, foodIncluded=HB, roomType=Triple, tv=false, airConditioner=false}]
2024-11-07 13:10:27 [main] INFO  com.logger.LoggerUtility ---- Tour ID: T7, Country: Thailand, Days/Nights: 10, Transport: Cruise, Cost: 3000.00, Hotel Characteristics: [HotelCharacteristicType{stars=5, foodIncluded=All Inclusive, roomType=Double, tv=false, airConditioner=false}]
2024-11-07 13:10:27 [main] INFO  com.logger.LoggerUtility ---- Tour ID: T8, Country: India, Days/Nights: 8, Transport: Train, Cost: 1100.00, Hotel Characteristics: [HotelCharacteristicType{stars=3, foodIncluded=BB, roomType=Single, tv=false, airConditioner=false}]
2024-11-07 13:10:27 [main] INFO  com.logger.LoggerUtility ---- Tour ID: T9, Country: Japan, Days/Nights: 3, Transport: Airplane, Cost: 2500.00, Hotel Characteristics: [HotelCharacteristicType{stars=4, foodIncluded=HB, roomType=Single, tv=false, airConditioner=false}]
2024-11-07 13:10:27 [main] INFO  com.logger.LoggerUtility ---- Tour ID: T10, Country: Brazil, Days/Nights: 7, Transport: Car, Cost: 1300.00, Hotel Characteristics: [HotelCharacteristicType{stars=3, foodIncluded=BB, roomType=Double, tv=false, airConditioner=false}]
2024-11-07 13:10:50 [main] INFO  com.logger.LoggerUtility - Парсинг за допомогою SAX:
2024-11-07 13:10:50 [main] INFO  com.logger.LoggerUtility - Tour ID: T1, Country: France, Days/Nights: 3, Transport: Airplane, Cost: 1500.00, Hotel Characteristics: [HotelCharacteristicType{stars=4, foodIncluded=BB, roomType=Double, tv=true, airConditioner=true}]
2024-11-07 13:10:50 [main] INFO  com.logger.LoggerUtility - Tour ID: T2, Country: Italy, Days/Nights: 5, Transport: Train, Cost: 900.00, Hotel Characteristics: [HotelCharacteristicType{stars=3, foodIncluded=HB, roomType=Single, tv=false, airConditioner=false}]
2024-11-07 13:10:50 [main] INFO  com.logger.LoggerUtility - Tour ID: T3, Country: Greece, Days/Nights: 7, Transport: Airplane, Cost: 2000.00, Hotel Characteristics: [HotelCharacteristicType{stars=5, foodIncluded=All Inclusive, roomType=Double, tv=true, airConditioner=true}]
2024-11-07 13:10:50 [main] INFO  com.logger.LoggerUtility - Tour ID: T4, Country: Israel, Days/Nights: 4, Transport: Train, Cost: 1200.00, Hotel Characteristics: [HotelCharacteristicType{stars=3, foodIncluded=HB, roomType=Single, tv=true, airConditioner=false}]
2024-11-07 13:10:50 [main] INFO  com.logger.LoggerUtility - Tour ID: T5, Country: Germany, Days/Nights: 2, Transport: Car, Cost: 800.00, Hotel Characteristics: [HotelCharacteristicType{stars=4, foodIncluded=BB, roomType=Double, tv=true, airConditioner=true}]
2024-11-07 13:10:50 [main] INFO  com.logger.LoggerUtility - Tour ID: T6, Country: Spain, Days/Nights: 6, Transport: Airplane, Cost: 1400.00, Hotel Characteristics: [HotelCharacteristicType{stars=4, foodIncluded=HB, roomType=Triple, tv=true, airConditioner=true}]
2024-11-07 13:10:50 [main] INFO  com.logger.LoggerUtility - Tour ID: T7, Country: Thailand, Days/Nights: 10, Transport: Cruise, Cost: 3000.00, Hotel Characteristics: [HotelCharacteristicType{stars=5, foodIncluded=All Inclusive, roomType=Double, tv=true, airConditioner=true}]
2024-11-07 13:10:50 [main] INFO  com.logger.LoggerUtility - Tour ID: T8, Country: India, Days/Nights: 8, Transport: Train, Cost: 1100.00, Hotel Characteristics: [HotelCharacteristicType{stars=3, foodIncluded=BB, roomType=Single, tv=false, airConditioner=false}]
2024-11-07 13:10:50 [main] INFO  com.logger.LoggerUtility - Tour ID: T9, Country: Japan, Days/Nights: 3, Transport: Airplane, Cost: 2500.00, Hotel Characteristics: [HotelCharacteristicType{stars=4, foodIncluded=HB, roomType=Single, tv=true, airConditioner=true}]
2024-11-07 13:10:50 [main] INFO  com.logger.LoggerUtility - Tour ID: T10, Country: Brazil, Days/Nights: 7, Transport: Car, Cost: 1300.00, Hotel Characteristics: [HotelCharacteristicType{stars=3, foodIncluded=BB, roomType=Double, tv=true, airConditioner=true}]
2024-11-07 13:10:50 [main] INFO  com.logger.LoggerUtility - Парсинг за допомогою DOM:
2024-11-07 13:10:51 [main] INFO  com.logger.LoggerUtility - Tour ID: T5, Country: Germany, Days/Nights: 2, Transport: Car, Cost: 800.00, Hotel Characteristics: [HotelCharacteristicType{stars=4, foodIncluded=BB, roomType=Double, tv=true, airConditioner=true}]
2024-11-07 13:10:51 [main] INFO  com.logger.LoggerUtility - Tour ID: T2, Country: Italy, Days/Nights: 5, Transport: Train, Cost: 900.00, Hotel Characteristics: [HotelCharacteristicType{stars=3, foodIncluded=HB, roomType=Single, tv=false, airConditioner=false}]
2024-11-07 13:10:51 [main] INFO  com.logger.LoggerUtility - Tour ID: T8, Country: India, Days/Nights: 8, Transport: Train, Cost: 1100.00, Hotel Characteristics: [HotelCharacteristicType{stars=3, foodIncluded=BB, roomType=Single, tv=false, airConditioner=false}]
2024-11-07 13:10:51 [main] INFO  com.logger.LoggerUtility - Tour ID: T4, Country: Israel, Days/Nights: 4, Transport: Train, Cost: 1200.00, Hotel Characteristics: [HotelCharacteristicType{stars=3, foodIncluded=HB, roomType=Single, tv=true, airConditioner=false}]
2024-11-07 13:10:51 [main] INFO  com.logger.LoggerUtility - Tour ID: T10, Country: Brazil, Days/Nights: 7, Transport: Car, Cost: 1300.00, Hotel Characteristics: [HotelCharacteristicType{stars=3, foodIncluded=BB, roomType=Double, tv=true, airConditioner=true}]
2024-11-07 13:10:51 [main] INFO  com.logger.LoggerUtility - Tour ID: T6, Country: Spain, Days/Nights: 6, Transport: Airplane, Cost: 1400.00, Hotel Characteristics: [HotelCharacteristicType{stars=4, foodIncluded=HB, roomType=Triple, tv=true, airConditioner=true}]
2024-11-07 13:10:51 [main] INFO  com.logger.LoggerUtility - Tour ID: T1, Country: France, Days/Nights: 3, Transport: Airplane, Cost: 1500.00, Hotel Characteristics: [HotelCharacteristicType{stars=4, foodIncluded=BB, roomType=Double, tv=true, airConditioner=true}]
2024-11-07 13:10:51 [main] INFO  com.logger.LoggerUtility - Tour ID: T3, Country: Greece, Days/Nights: 7, Transport: Airplane, Cost: 2000.00, Hotel Characteristics: [HotelCharacteristicType{stars=5, foodIncluded=All Inclusive, roomType=Double, tv=true, airConditioner=true}]
2024-11-07 13:10:51 [main] INFO  com.logger.LoggerUtility - Tour ID: T9, Country: Japan, Days/Nights: 3, Transport: Airplane, Cost: 2500.00, Hotel Characteristics: [HotelCharacteristicType{stars=4, foodIncluded=HB, roomType=Single, tv=true, airConditioner=true}]
2024-11-07 13:10:51 [main] INFO  com.logger.LoggerUtility - Tour ID: T7, Country: Thailand, Days/Nights: 10, Transport: Cruise, Cost: 3000.00, Hotel Characteristics: [HotelCharacteristicType{stars=5, foodIncluded=All Inclusive, roomType=Double, tv=true, airConditioner=true}]
2024-11-07 13:10:51 [main] INFO  com.logger.LoggerUtility - Парсинг за допомогою StAX:
2024-11-07 13:10:51 [main] INFO  com.logger.LoggerUtility - Completed parsing XML file: src/resources/trips.xml
2024-11-07 13:10:51 [main] INFO  com.logger.LoggerUtility - Tour ID: T1, Country: France, Days/Nights: 3, Transport: Airplane, Cost: 1500.00, Hotel Characteristics: [HotelCharacteristicType{stars=4, foodIncluded=BB, roomType=Double, tv=false, airConditioner=false}]
2024-11-07 13:10:51 [main] INFO  com.logger.LoggerUtility - Tour ID: T2, Country: Italy, Days/Nights: 5, Transport: Train, Cost: 900.00, Hotel Characteristics: [HotelCharacteristicType{stars=3, foodIncluded=HB, roomType=Single, tv=false, airConditioner=false}]
2024-11-07 13:10:51 [main] INFO  com.logger.LoggerUtility - Tour ID: T3, Country: Greece, Days/Nights: 7, Transport: Airplane, Cost: 2000.00, Hotel Characteristics: [HotelCharacteristicType{stars=5, foodIncluded=All Inclusive, roomType=Double, tv=false, airConditioner=false}]
2024-11-07 13:10:51 [main] INFO  com.logger.LoggerUtility - Tour ID: T4, Country: Israel, Days/Nights: 4, Transport: Train, Cost: 1200.00, Hotel Characteristics: [HotelCharacteristicType{stars=3, foodIncluded=HB, roomType=Single, tv=false, airConditioner=false}]
2024-11-07 13:10:51 [main] INFO  com.logger.LoggerUtility - Tour ID: T5, Country: Germany, Days/Nights: 2, Transport: Car, Cost: 800.00, Hotel Characteristics: [HotelCharacteristicType{stars=4, foodIncluded=BB, roomType=Double, tv=false, airConditioner=false}]
2024-11-07 13:10:51 [main] INFO  com.logger.LoggerUtility - Tour ID: T6, Country: Spain, Days/Nights: 6, Transport: Airplane, Cost: 1400.00, Hotel Characteristics: [HotelCharacteristicType{stars=4, foodIncluded=HB, roomType=Triple, tv=false, airConditioner=false}]
2024-11-07 13:10:51 [main] INFO  com.logger.LoggerUtility - Tour ID: T7, Country: Thailand, Days/Nights: 10, Transport: Cruise, Cost: 3000.00, Hotel Characteristics: [HotelCharacteristicType{stars=5, foodIncluded=All Inclusive, roomType=Double, tv=false, airConditioner=false}]
2024-11-07 13:10:51 [main] INFO  com.logger.LoggerUtility - Tour ID: T8, Country: India, Days/Nights: 8, Transport: Train, Cost: 1100.00, Hotel Characteristics: [HotelCharacteristicType{stars=3, foodIncluded=BB, roomType=Single, tv=false, airConditioner=false}]
2024-11-07 13:10:51 [main] INFO  com.logger.LoggerUtility - Tour ID: T9, Country: Japan, Days/Nights: 3, Transport: Airplane, Cost: 2500.00, Hotel Characteristics: [HotelCharacteristicType{stars=4, foodIncluded=HB, roomType=Single, tv=false, airConditioner=false}]
2024-11-07 13:10:51 [main] INFO  com.logger.LoggerUtility - Tour ID: T10, Country: Brazil, Days/Nights: 7, Transport: Car, Cost: 1300.00, Hotel Characteristics: [HotelCharacteristicType{stars=3, foodIncluded=BB, roomType=Double, tv=false, airConditioner=false}]
2024-11-07 13:34:59 [main] ERROR com.logger.LoggerUtility - Error parsing the XML file: src/test/resources/malformed_tours.xml
java.io.FileNotFoundException: src\test\resources\malformed_tours.xml (Системе не удается найти указанный путь)
	at java.base/java.io.FileInputStream.open0(Native Method)
	at java.base/java.io.FileInputStream.open(FileInputStream.java:213)
	at java.base/java.io.FileInputStream.<init>(FileInputStream.java:152)
	at java.base/java.io.FileInputStream.<init>(FileInputStream.java:106)
	at com.parser.TouristVoucherStAXParser.parse(TouristVoucherStAXParser.java:27)
	at com.tests.TouristVoucherStAXParserTest.testParseXMLWithMalformedData(TouristVoucherStAXParserTest.java:61)
	at java.base/jdk.internal.reflect.DirectMethodHandleAccessor.invoke(DirectMethodHandleAccessor.java:103)
	at java.base/java.lang.reflect.Method.invoke(Method.java:580)
	at org.junit.platform.commons.util.ReflectionUtils.invokeMethod(ReflectionUtils.java:766)
	at org.junit.jupiter.engine.execution.MethodInvocation.proceed(MethodInvocation.java:60)
	at org.junit.jupiter.engine.execution.InvocationInterceptorChain$ValidatingInvocation.proceed(InvocationInterceptorChain.java:131)
	at org.junit.jupiter.engine.extension.TimeoutExtension.intercept(TimeoutExtension.java:156)
	at org.junit.jupiter.engine.extension.TimeoutExtension.interceptTestableMethod(TimeoutExtension.java:147)
	at org.junit.jupiter.engine.extension.TimeoutExtension.interceptTestMethod(TimeoutExtension.java:86)
	at org.junit.jupiter.engine.execution.InterceptingExecutableInvoker$ReflectiveInterceptorCall.lambda$ofVoidMethod$0(InterceptingExecutableInvoker.java:103)
	at org.junit.jupiter.engine.execution.InterceptingExecutableInvoker.lambda$invoke$0(InterceptingExecutableInvoker.java:93)
	at org.junit.jupiter.engine.execution.InvocationInterceptorChain$InterceptedInvocation.proceed(InvocationInterceptorChain.java:106)
	at org.junit.jupiter.engine.execution.InvocationInterceptorChain.proceed(InvocationInterceptorChain.java:64)
	at org.junit.jupiter.engine.execution.InvocationInterceptorChain.chainAndInvoke(InvocationInterceptorChain.java:45)
	at org.junit.jupiter.engine.execution.InvocationInterceptorChain.invoke(InvocationInterceptorChain.java:37)
	at org.junit.jupiter.engine.execution.InterceptingExecutableInvoker.invoke(InterceptingExecutableInvoker.java:92)
	at org.junit.jupiter.engine.execution.InterceptingExecutableInvoker.invoke(InterceptingExecutableInvoker.java:86)
	at org.junit.jupiter.engine.descriptor.TestMethodTestDescriptor.lambda$invokeTestMethod$8(TestMethodTestDescriptor.java:217)
	at org.junit.platform.engine.support.hierarchical.ThrowableCollector.execute(ThrowableCollector.java:73)
	at org.junit.jupiter.engine.descriptor.TestMethodTestDescriptor.invokeTestMethod(TestMethodTestDescriptor.java:213)
	at org.junit.jupiter.engine.descriptor.TestMethodTestDescriptor.execute(TestMethodTestDescriptor.java:138)
	at org.junit.jupiter.engine.descriptor.TestMethodTestDescriptor.execute(TestMethodTestDescriptor.java:68)
	at org.junit.platform.engine.support.hierarchical.NodeTestTask.lambda$executeRecursively$6(NodeTestTask.java:151)
	at org.junit.platform.engine.support.hierarchical.ThrowableCollector.execute(ThrowableCollector.java:73)
	at org.junit.platform.engine.support.hierarchical.NodeTestTask.lambda$executeRecursively$8(NodeTestTask.java:141)
	at org.junit.platform.engine.support.hierarchical.Node.around(Node.java:137)
	at org.junit.platform.engine.support.hierarchical.NodeTestTask.lambda$executeRecursively$9(NodeTestTask.java:139)
	at org.junit.platform.engine.support.hierarchical.ThrowableCollector.execute(ThrowableCollector.java:73)
	at org.junit.platform.engine.support.hierarchical.NodeTestTask.executeRecursively(NodeTestTask.java:138)
	at org.junit.platform.engine.support.hierarchical.NodeTestTask.execute(NodeTestTask.java:95)
	at java.base/java.util.ArrayList.forEach(ArrayList.java:1596)
	at org.junit.platform.engine.support.hierarchical.SameThreadHierarchicalTestExecutorService.invokeAll(SameThreadHierarchicalTestExecutorService.java:41)
	at org.junit.platform.engine.support.hierarchical.NodeTestTask.lambda$executeRecursively$6(NodeTestTask.java:155)
	at org.junit.platform.engine.support.hierarchical.ThrowableCollector.execute(ThrowableCollector.java:73)
	at org.junit.platform.engine.support.hierarchical.NodeTestTask.lambda$executeRecursively$8(NodeTestTask.java:141)
	at org.junit.platform.engine.support.hierarchical.Node.around(Node.java:137)
	at org.junit.platform.engine.support.hierarchical.NodeTestTask.lambda$executeRecursively$9(NodeTestTask.java:139)
	at org.junit.platform.engine.support.hierarchical.ThrowableCollector.execute(ThrowableCollector.java:73)
	at org.junit.platform.engine.support.hierarchical.NodeTestTask.executeRecursively(NodeTestTask.java:138)
	at org.junit.platform.engine.support.hierarchical.NodeTestTask.execute(NodeTestTask.java:95)
	at java.base/java.util.ArrayList.forEach(ArrayList.java:1596)
	at org.junit.platform.engine.support.hierarchical.SameThreadHierarchicalTestExecutorService.invokeAll(SameThreadHierarchicalTestExecutorService.java:41)
	at org.junit.platform.engine.support.hierarchical.NodeTestTask.lambda$executeRecursively$6(NodeTestTask.java:155)
	at org.junit.platform.engine.support.hierarchical.ThrowableCollector.execute(ThrowableCollector.java:73)
	at org.junit.platform.engine.support.hierarchical.NodeTestTask.lambda$executeRecursively$8(NodeTestTask.java:141)
	at org.junit.platform.engine.support.hierarchical.Node.around(Node.java:137)
	at org.junit.platform.engine.support.hierarchical.NodeTestTask.lambda$executeRecursively$9(NodeTestTask.java:139)
	at org.junit.platform.engine.support.hierarchical.ThrowableCollector.execute(ThrowableCollector.java:73)
	at org.junit.platform.engine.support.hierarchical.NodeTestTask.executeRecursively(NodeTestTask.java:138)
	at org.junit.platform.engine.support.hierarchical.NodeTestTask.execute(NodeTestTask.java:95)
	at org.junit.platform.engine.support.hierarchical.SameThreadHierarchicalTestExecutorService.submit(SameThreadHierarchicalTestExecutorService.java:35)
	at org.junit.platform.engine.support.hierarchical.HierarchicalTestExecutor.execute(HierarchicalTestExecutor.java:57)
	at org.junit.platform.engine.support.hierarchical.HierarchicalTestEngine.execute(HierarchicalTestEngine.java:54)
	at org.junit.platform.launcher.core.EngineExecutionOrchestrator.execute(EngineExecutionOrchestrator.java:198)
	at org.junit.platform.launcher.core.EngineExecutionOrchestrator.execute(EngineExecutionOrchestrator.java:169)
	at org.junit.platform.launcher.core.EngineExecutionOrchestrator.execute(EngineExecutionOrchestrator.java:93)
	at org.junit.platform.launcher.core.EngineExecutionOrchestrator.lambda$execute$0(EngineExecutionOrchestrator.java:58)
	at org.junit.platform.launcher.core.EngineExecutionOrchestrator.withInterceptedStreams(EngineExecutionOrchestrator.java:141)
	at org.junit.platform.launcher.core.EngineExecutionOrchestrator.execute(EngineExecutionOrchestrator.java:57)
	at org.junit.platform.launcher.core.DefaultLauncher.execute(DefaultLauncher.java:103)
	at org.junit.platform.launcher.core.DefaultLauncher.execute(DefaultLauncher.java:85)
	at org.junit.platform.launcher.core.DelegatingLauncher.execute(DelegatingLauncher.java:47)
	at org.junit.platform.launcher.core.SessionPerRequestLauncher.execute(SessionPerRequestLauncher.java:63)
	at com.intellij.junit5.JUnit5IdeaTestRunner.startRunnerWithArgs(JUnit5IdeaTestRunner.java:57)
	at com.intellij.rt.junit.IdeaTestRunner$Repeater$1.execute(IdeaTestRunner.java:38)
	at com.intellij.rt.execution.junit.TestsRepeater.repeat(TestsRepeater.java:11)
	at com.intellij.rt.junit.IdeaTestRunner$Repeater.startRunnerWithArgs(IdeaTestRunner.java:35)
	at com.intellij.rt.junit.JUnitStarter.prepareStreamsAndStart(JUnitStarter.java:232)
	at com.intellij.rt.junit.JUnitStarter.main(JUnitStarter.java:55)
2024-11-07 13:34:59 [main] INFO  com.logger.LoggerUtility - Completed parsing XML file: src/test/resources/malformed_tours.xml
2024-11-07 13:35:43 [main] ERROR com.logger.LoggerUtility - Error parsing the XML file: src/test/resources/test_tours.xml
java.io.FileNotFoundException: src\test\resources\test_tours.xml (Системе не удается найти указанный путь)
	at java.base/java.io.FileInputStream.open0(Native Method)
	at java.base/java.io.FileInputStream.open(FileInputStream.java:213)
	at java.base/java.io.FileInputStream.<init>(FileInputStream.java:152)
	at java.base/java.io.FileInputStream.<init>(FileInputStream.java:106)
	at com.parser.TouristVoucherStAXParser.parse(TouristVoucherStAXParser.java:27)
	at com.tests.TouristVoucherStAXParserTest.testParseValidXML(TouristVoucherStAXParserTest.java:18)
	at java.base/jdk.internal.reflect.DirectMethodHandleAccessor.invoke(DirectMethodHandleAccessor.java:103)
	at java.base/java.lang.reflect.Method.invoke(Method.java:580)
	at org.junit.platform.commons.util.ReflectionUtils.invokeMethod(ReflectionUtils.java:766)
	at org.junit.jupiter.engine.execution.MethodInvocation.proceed(MethodInvocation.java:60)
	at org.junit.jupiter.engine.execution.InvocationInterceptorChain$ValidatingInvocation.proceed(InvocationInterceptorChain.java:131)
	at org.junit.jupiter.engine.extension.TimeoutExtension.intercept(TimeoutExtension.java:156)
	at org.junit.jupiter.engine.extension.TimeoutExtension.interceptTestableMethod(TimeoutExtension.java:147)
	at org.junit.jupiter.engine.extension.TimeoutExtension.interceptTestMethod(TimeoutExtension.java:86)
	at org.junit.jupiter.engine.execution.InterceptingExecutableInvoker$ReflectiveInterceptorCall.lambda$ofVoidMethod$0(InterceptingExecutableInvoker.java:103)
	at org.junit.jupiter.engine.execution.InterceptingExecutableInvoker.lambda$invoke$0(InterceptingExecutableInvoker.java:93)
	at org.junit.jupiter.engine.execution.InvocationInterceptorChain$InterceptedInvocation.proceed(InvocationInterceptorChain.java:106)
	at org.junit.jupiter.engine.execution.InvocationInterceptorChain.proceed(InvocationInterceptorChain.java:64)
	at org.junit.jupiter.engine.execution.InvocationInterceptorChain.chainAndInvoke(InvocationInterceptorChain.java:45)
	at org.junit.jupiter.engine.execution.InvocationInterceptorChain.invoke(InvocationInterceptorChain.java:37)
	at org.junit.jupiter.engine.execution.InterceptingExecutableInvoker.invoke(InterceptingExecutableInvoker.java:92)
	at org.junit.jupiter.engine.execution.InterceptingExecutableInvoker.invoke(InterceptingExecutableInvoker.java:86)
	at org.junit.jupiter.engine.descriptor.TestMethodTestDescriptor.lambda$invokeTestMethod$8(TestMethodTestDescriptor.java:217)
	at org.junit.platform.engine.support.hierarchical.ThrowableCollector.execute(ThrowableCollector.java:73)
	at org.junit.jupiter.engine.descriptor.TestMethodTestDescriptor.invokeTestMethod(TestMethodTestDescriptor.java:213)
	at org.junit.jupiter.engine.descriptor.TestMethodTestDescriptor.execute(TestMethodTestDescriptor.java:138)
	at org.junit.jupiter.engine.descriptor.TestMethodTestDescriptor.execute(TestMethodTestDescriptor.java:68)
	at org.junit.platform.engine.support.hierarchical.NodeTestTask.lambda$executeRecursively$6(NodeTestTask.java:151)
	at org.junit.platform.engine.support.hierarchical.ThrowableCollector.execute(ThrowableCollector.java:73)
	at org.junit.platform.engine.support.hierarchical.NodeTestTask.lambda$executeRecursively$8(NodeTestTask.java:141)
	at org.junit.platform.engine.support.hierarchical.Node.around(Node.java:137)
	at org.junit.platform.engine.support.hierarchical.NodeTestTask.lambda$executeRecursively$9(NodeTestTask.java:139)
	at org.junit.platform.engine.support.hierarchical.ThrowableCollector.execute(ThrowableCollector.java:73)
	at org.junit.platform.engine.support.hierarchical.NodeTestTask.executeRecursively(NodeTestTask.java:138)
	at org.junit.platform.engine.support.hierarchical.NodeTestTask.execute(NodeTestTask.java:95)
	at java.base/java.util.ArrayList.forEach(ArrayList.java:1596)
	at org.junit.platform.engine.support.hierarchical.SameThreadHierarchicalTestExecutorService.invokeAll(SameThreadHierarchicalTestExecutorService.java:41)
	at org.junit.platform.engine.support.hierarchical.NodeTestTask.lambda$executeRecursively$6(NodeTestTask.java:155)
	at org.junit.platform.engine.support.hierarchical.ThrowableCollector.execute(ThrowableCollector.java:73)
	at org.junit.platform.engine.support.hierarchical.NodeTestTask.lambda$executeRecursively$8(NodeTestTask.java:141)
	at org.junit.platform.engine.support.hierarchical.Node.around(Node.java:137)
	at org.junit.platform.engine.support.hierarchical.NodeTestTask.lambda$executeRecursively$9(NodeTestTask.java:139)
	at org.junit.platform.engine.support.hierarchical.ThrowableCollector.execute(ThrowableCollector.java:73)
	at org.junit.platform.engine.support.hierarchical.NodeTestTask.executeRecursively(NodeTestTask.java:138)
	at org.junit.platform.engine.support.hierarchical.NodeTestTask.execute(NodeTestTask.java:95)
	at java.base/java.util.ArrayList.forEach(ArrayList.java:1596)
	at org.junit.platform.engine.support.hierarchical.SameThreadHierarchicalTestExecutorService.invokeAll(SameThreadHierarchicalTestExecutorService.java:41)
	at org.junit.platform.engine.support.hierarchical.NodeTestTask.lambda$executeRecursively$6(NodeTestTask.java:155)
	at org.junit.platform.engine.support.hierarchical.ThrowableCollector.execute(ThrowableCollector.java:73)
	at org.junit.platform.engine.support.hierarchical.NodeTestTask.lambda$executeRecursively$8(NodeTestTask.java:141)
	at org.junit.platform.engine.support.hierarchical.Node.around(Node.java:137)
	at org.junit.platform.engine.support.hierarchical.NodeTestTask.lambda$executeRecursively$9(NodeTestTask.java:139)
	at org.junit.platform.engine.support.hierarchical.ThrowableCollector.execute(ThrowableCollector.java:73)
	at org.junit.platform.engine.support.hierarchical.NodeTestTask.executeRecursively(NodeTestTask.java:138)
	at org.junit.platform.engine.support.hierarchical.NodeTestTask.execute(NodeTestTask.java:95)
	at org.junit.platform.engine.support.hierarchical.SameThreadHierarchicalTestExecutorService.submit(SameThreadHierarchicalTestExecutorService.java:35)
	at org.junit.platform.engine.support.hierarchical.HierarchicalTestExecutor.execute(HierarchicalTestExecutor.java:57)
	at org.junit.platform.engine.support.hierarchical.HierarchicalTestEngine.execute(HierarchicalTestEngine.java:54)
	at org.junit.platform.launcher.core.EngineExecutionOrchestrator.execute(EngineExecutionOrchestrator.java:198)
	at org.junit.platform.launcher.core.EngineExecutionOrchestrator.execute(EngineExecutionOrchestrator.java:169)
	at org.junit.platform.launcher.core.EngineExecutionOrchestrator.execute(EngineExecutionOrchestrator.java:93)
	at org.junit.platform.launcher.core.EngineExecutionOrchestrator.lambda$execute$0(EngineExecutionOrchestrator.java:58)
	at org.junit.platform.launcher.core.EngineExecutionOrchestrator.withInterceptedStreams(EngineExecutionOrchestrator.java:141)
	at org.junit.platform.launcher.core.EngineExecutionOrchestrator.execute(EngineExecutionOrchestrator.java:57)
	at org.junit.platform.launcher.core.DefaultLauncher.execute(DefaultLauncher.java:103)
	at org.junit.platform.launcher.core.DefaultLauncher.execute(DefaultLauncher.java:85)
	at org.junit.platform.launcher.core.DelegatingLauncher.execute(DelegatingLauncher.java:47)
	at org.junit.platform.launcher.core.SessionPerRequestLauncher.execute(SessionPerRequestLauncher.java:63)
	at com.intellij.junit5.JUnit5IdeaTestRunner.startRunnerWithArgs(JUnit5IdeaTestRunner.java:57)
	at com.intellij.rt.junit.IdeaTestRunner$Repeater$1.execute(IdeaTestRunner.java:38)
	at com.intellij.rt.execution.junit.TestsRepeater.repeat(TestsRepeater.java:11)
	at com.intellij.rt.junit.IdeaTestRunner$Repeater.startRunnerWithArgs(IdeaTestRunner.java:35)
	at com.intellij.rt.junit.JUnitStarter.prepareStreamsAndStart(JUnitStarter.java:232)
	at com.intellij.rt.junit.JUnitStarter.main(JUnitStarter.java:55)
2024-11-07 13:35:43 [main] INFO  com.logger.LoggerUtility - Completed parsing XML file: src/test/resources/test_tours.xml
2024-11-07 13:36:17 [main] ERROR com.logger.LoggerUtility - Error parsing the XML file: src/test/resources/invalid_tours.xml
java.io.FileNotFoundException: src\test\resources\invalid_tours.xml (Системе не удается найти указанный путь)
	at java.base/java.io.FileInputStream.open0(Native Method)
	at java.base/java.io.FileInputStream.open(FileInputStream.java:213)
	at java.base/java.io.FileInputStream.<init>(FileInputStream.java:152)
	at java.base/java.io.FileInputStream.<init>(FileInputStream.java:106)
	at com.parser.TouristVoucherStAXParser.parse(TouristVoucherStAXParser.java:27)
	at com.tests.TouristVoucherStAXParserTest.testParseInvalidXML(TouristVoucherStAXParserTest.java:44)
	at java.base/jdk.internal.reflect.DirectMethodHandleAccessor.invoke(DirectMethodHandleAccessor.java:103)
	at java.base/java.lang.reflect.Method.invoke(Method.java:580)
	at org.junit.platform.commons.util.ReflectionUtils.invokeMethod(ReflectionUtils.java:766)
	at org.junit.jupiter.engine.execution.MethodInvocation.proceed(MethodInvocation.java:60)
	at org.junit.jupiter.engine.execution.InvocationInterceptorChain$ValidatingInvocation.proceed(InvocationInterceptorChain.java:131)
	at org.junit.jupiter.engine.extension.TimeoutExtension.intercept(TimeoutExtension.java:156)
	at org.junit.jupiter.engine.extension.TimeoutExtension.interceptTestableMethod(TimeoutExtension.java:147)
	at org.junit.jupiter.engine.extension.TimeoutExtension.interceptTestMethod(TimeoutExtension.java:86)
	at org.junit.jupiter.engine.execution.InterceptingExecutableInvoker$ReflectiveInterceptorCall.lambda$ofVoidMethod$0(InterceptingExecutableInvoker.java:103)
	at org.junit.jupiter.engine.execution.InterceptingExecutableInvoker.lambda$invoke$0(InterceptingExecutableInvoker.java:93)
	at org.junit.jupiter.engine.execution.InvocationInterceptorChain$InterceptedInvocation.proceed(InvocationInterceptorChain.java:106)
	at org.junit.jupiter.engine.execution.InvocationInterceptorChain.proceed(InvocationInterceptorChain.java:64)
	at org.junit.jupiter.engine.execution.InvocationInterceptorChain.chainAndInvoke(InvocationInterceptorChain.java:45)
	at org.junit.jupiter.engine.execution.InvocationInterceptorChain.invoke(InvocationInterceptorChain.java:37)
	at org.junit.jupiter.engine.execution.InterceptingExecutableInvoker.invoke(InterceptingExecutableInvoker.java:92)
	at org.junit.jupiter.engine.execution.InterceptingExecutableInvoker.invoke(InterceptingExecutableInvoker.java:86)
	at org.junit.jupiter.engine.descriptor.TestMethodTestDescriptor.lambda$invokeTestMethod$8(TestMethodTestDescriptor.java:217)
	at org.junit.platform.engine.support.hierarchical.ThrowableCollector.execute(ThrowableCollector.java:73)
	at org.junit.jupiter.engine.descriptor.TestMethodTestDescriptor.invokeTestMethod(TestMethodTestDescriptor.java:213)
	at org.junit.jupiter.engine.descriptor.TestMethodTestDescriptor.execute(TestMethodTestDescriptor.java:138)
	at org.junit.jupiter.engine.descriptor.TestMethodTestDescriptor.execute(TestMethodTestDescriptor.java:68)
	at org.junit.platform.engine.support.hierarchical.NodeTestTask.lambda$executeRecursively$6(NodeTestTask.java:151)
	at org.junit.platform.engine.support.hierarchical.ThrowableCollector.execute(ThrowableCollector.java:73)
	at org.junit.platform.engine.support.hierarchical.NodeTestTask.lambda$executeRecursively$8(NodeTestTask.java:141)
	at org.junit.platform.engine.support.hierarchical.Node.around(Node.java:137)
	at org.junit.platform.engine.support.hierarchical.NodeTestTask.lambda$executeRecursively$9(NodeTestTask.java:139)
	at org.junit.platform.engine.support.hierarchical.ThrowableCollector.execute(ThrowableCollector.java:73)
	at org.junit.platform.engine.support.hierarchical.NodeTestTask.executeRecursively(NodeTestTask.java:138)
	at org.junit.platform.engine.support.hierarchical.NodeTestTask.execute(NodeTestTask.java:95)
	at java.base/java.util.ArrayList.forEach(ArrayList.java:1596)
	at org.junit.platform.engine.support.hierarchical.SameThreadHierarchicalTestExecutorService.invokeAll(SameThreadHierarchicalTestExecutorService.java:41)
	at org.junit.platform.engine.support.hierarchical.NodeTestTask.lambda$executeRecursively$6(NodeTestTask.java:155)
	at org.junit.platform.engine.support.hierarchical.ThrowableCollector.execute(ThrowableCollector.java:73)
	at org.junit.platform.engine.support.hierarchical.NodeTestTask.lambda$executeRecursively$8(NodeTestTask.java:141)
	at org.junit.platform.engine.support.hierarchical.Node.around(Node.java:137)
	at org.junit.platform.engine.support.hierarchical.NodeTestTask.lambda$executeRecursively$9(NodeTestTask.java:139)
	at org.junit.platform.engine.support.hierarchical.ThrowableCollector.execute(ThrowableCollector.java:73)
	at org.junit.platform.engine.support.hierarchical.NodeTestTask.executeRecursively(NodeTestTask.java:138)
	at org.junit.platform.engine.support.hierarchical.NodeTestTask.execute(NodeTestTask.java:95)
	at java.base/java.util.ArrayList.forEach(ArrayList.java:1596)
	at org.junit.platform.engine.support.hierarchical.SameThreadHierarchicalTestExecutorService.invokeAll(SameThreadHierarchicalTestExecutorService.java:41)
	at org.junit.platform.engine.support.hierarchical.NodeTestTask.lambda$executeRecursively$6(NodeTestTask.java:155)
	at org.junit.platform.engine.support.hierarchical.ThrowableCollector.execute(ThrowableCollector.java:73)
	at org.junit.platform.engine.support.hierarchical.NodeTestTask.lambda$executeRecursively$8(NodeTestTask.java:141)
	at org.junit.platform.engine.support.hierarchical.Node.around(Node.java:137)
	at org.junit.platform.engine.support.hierarchical.NodeTestTask.lambda$executeRecursively$9(NodeTestTask.java:139)
	at org.junit.platform.engine.support.hierarchical.ThrowableCollector.execute(ThrowableCollector.java:73)
	at org.junit.platform.engine.support.hierarchical.NodeTestTask.executeRecursively(NodeTestTask.java:138)
	at org.junit.platform.engine.support.hierarchical.NodeTestTask.execute(NodeTestTask.java:95)
	at org.junit.platform.engine.support.hierarchical.SameThreadHierarchicalTestExecutorService.submit(SameThreadHierarchicalTestExecutorService.java:35)
	at org.junit.platform.engine.support.hierarchical.HierarchicalTestExecutor.execute(HierarchicalTestExecutor.java:57)
	at org.junit.platform.engine.support.hierarchical.HierarchicalTestEngine.execute(HierarchicalTestEngine.java:54)
	at org.junit.platform.launcher.core.EngineExecutionOrchestrator.execute(EngineExecutionOrchestrator.java:198)
	at org.junit.platform.launcher.core.EngineExecutionOrchestrator.execute(EngineExecutionOrchestrator.java:169)
	at org.junit.platform.launcher.core.EngineExecutionOrchestrator.execute(EngineExecutionOrchestrator.java:93)
	at org.junit.platform.launcher.core.EngineExecutionOrchestrator.lambda$execute$0(EngineExecutionOrchestrator.java:58)
	at org.junit.platform.launcher.core.EngineExecutionOrchestrator.withInterceptedStreams(EngineExecutionOrchestrator.java:141)
	at org.junit.platform.launcher.core.EngineExecutionOrchestrator.execute(EngineExecutionOrchestrator.java:57)
	at org.junit.platform.launcher.core.DefaultLauncher.execute(DefaultLauncher.java:103)
	at org.junit.platform.launcher.core.DefaultLauncher.execute(DefaultLauncher.java:85)
	at org.junit.platform.launcher.core.DelegatingLauncher.execute(DelegatingLauncher.java:47)
	at org.junit.platform.launcher.core.SessionPerRequestLauncher.execute(SessionPerRequestLauncher.java:63)
	at com.intellij.junit5.JUnit5IdeaTestRunner.startRunnerWithArgs(JUnit5IdeaTestRunner.java:57)
	at com.intellij.rt.junit.IdeaTestRunner$Repeater$1.execute(IdeaTestRunner.java:38)
	at com.intellij.rt.execution.junit.TestsRepeater.repeat(TestsRepeater.java:11)
	at com.intellij.rt.junit.IdeaTestRunner$Repeater.startRunnerWithArgs(IdeaTestRunner.java:35)
	at com.intellij.rt.junit.JUnitStarter.prepareStreamsAndStart(JUnitStarter.java:232)
	at com.intellij.rt.junit.JUnitStarter.main(JUnitStarter.java:55)
2024-11-07 13:36:17 [main] INFO  com.logger.LoggerUtility - Completed parsing XML file: src/test/resources/invalid_tours.xml
2024-11-07 13:36:37 [main] ERROR com.logger.LoggerUtility - Error parsing the XML file: src/test/resources/trips.xml
java.io.FileNotFoundException: src\test\resources\trips.xml (Системе не удается найти указанный путь)
	at java.base/java.io.FileInputStream.open0(Native Method)
	at java.base/java.io.FileInputStream.open(FileInputStream.java:213)
	at java.base/java.io.FileInputStream.<init>(FileInputStream.java:152)
	at java.base/java.io.FileInputStream.<init>(FileInputStream.java:106)
	at com.parser.TouristVoucherStAXParser.parse(TouristVoucherStAXParser.java:27)
	at com.tests.TouristVoucherStAXParserTest.testParseValidXML(TouristVoucherStAXParserTest.java:17)
	at java.base/jdk.internal.reflect.DirectMethodHandleAccessor.invoke(DirectMethodHandleAccessor.java:103)
	at java.base/java.lang.reflect.Method.invoke(Method.java:580)
	at org.junit.platform.commons.util.ReflectionUtils.invokeMethod(ReflectionUtils.java:766)
	at org.junit.jupiter.engine.execution.MethodInvocation.proceed(MethodInvocation.java:60)
	at org.junit.jupiter.engine.execution.InvocationInterceptorChain$ValidatingInvocation.proceed(InvocationInterceptorChain.java:131)
	at org.junit.jupiter.engine.extension.TimeoutExtension.intercept(TimeoutExtension.java:156)
	at org.junit.jupiter.engine.extension.TimeoutExtension.interceptTestableMethod(TimeoutExtension.java:147)
	at org.junit.jupiter.engine.extension.TimeoutExtension.interceptTestMethod(TimeoutExtension.java:86)
	at org.junit.jupiter.engine.execution.InterceptingExecutableInvoker$ReflectiveInterceptorCall.lambda$ofVoidMethod$0(InterceptingExecutableInvoker.java:103)
	at org.junit.jupiter.engine.execution.InterceptingExecutableInvoker.lambda$invoke$0(InterceptingExecutableInvoker.java:93)
	at org.junit.jupiter.engine.execution.InvocationInterceptorChain$InterceptedInvocation.proceed(InvocationInterceptorChain.java:106)
	at org.junit.jupiter.engine.execution.InvocationInterceptorChain.proceed(InvocationInterceptorChain.java:64)
	at org.junit.jupiter.engine.execution.InvocationInterceptorChain.chainAndInvoke(InvocationInterceptorChain.java:45)
	at org.junit.jupiter.engine.execution.InvocationInterceptorChain.invoke(InvocationInterceptorChain.java:37)
	at org.junit.jupiter.engine.execution.InterceptingExecutableInvoker.invoke(InterceptingExecutableInvoker.java:92)
	at org.junit.jupiter.engine.execution.InterceptingExecutableInvoker.invoke(InterceptingExecutableInvoker.java:86)
	at org.junit.jupiter.engine.descriptor.TestMethodTestDescriptor.lambda$invokeTestMethod$8(TestMethodTestDescriptor.java:217)
	at org.junit.platform.engine.support.hierarchical.ThrowableCollector.execute(ThrowableCollector.java:73)
	at org.junit.jupiter.engine.descriptor.TestMethodTestDescriptor.invokeTestMethod(TestMethodTestDescriptor.java:213)
	at org.junit.jupiter.engine.descriptor.TestMethodTestDescriptor.execute(TestMethodTestDescriptor.java:138)
	at org.junit.jupiter.engine.descriptor.TestMethodTestDescriptor.execute(TestMethodTestDescriptor.java:68)
	at org.junit.platform.engine.support.hierarchical.NodeTestTask.lambda$executeRecursively$6(NodeTestTask.java:151)
	at org.junit.platform.engine.support.hierarchical.ThrowableCollector.execute(ThrowableCollector.java:73)
	at org.junit.platform.engine.support.hierarchical.NodeTestTask.lambda$executeRecursively$8(NodeTestTask.java:141)
	at org.junit.platform.engine.support.hierarchical.Node.around(Node.java:137)
	at org.junit.platform.engine.support.hierarchical.NodeTestTask.lambda$executeRecursively$9(NodeTestTask.java:139)
	at org.junit.platform.engine.support.hierarchical.ThrowableCollector.execute(ThrowableCollector.java:73)
	at org.junit.platform.engine.support.hierarchical.NodeTestTask.executeRecursively(NodeTestTask.java:138)
	at org.junit.platform.engine.support.hierarchical.NodeTestTask.execute(NodeTestTask.java:95)
	at java.base/java.util.ArrayList.forEach(ArrayList.java:1596)
	at org.junit.platform.engine.support.hierarchical.SameThreadHierarchicalTestExecutorService.invokeAll(SameThreadHierarchicalTestExecutorService.java:41)
	at org.junit.platform.engine.support.hierarchical.NodeTestTask.lambda$executeRecursively$6(NodeTestTask.java:155)
	at org.junit.platform.engine.support.hierarchical.ThrowableCollector.execute(ThrowableCollector.java:73)
	at org.junit.platform.engine.support.hierarchical.NodeTestTask.lambda$executeRecursively$8(NodeTestTask.java:141)
	at org.junit.platform.engine.support.hierarchical.Node.around(Node.java:137)
	at org.junit.platform.engine.support.hierarchical.NodeTestTask.lambda$executeRecursively$9(NodeTestTask.java:139)
	at org.junit.platform.engine.support.hierarchical.ThrowableCollector.execute(ThrowableCollector.java:73)
	at org.junit.platform.engine.support.hierarchical.NodeTestTask.executeRecursively(NodeTestTask.java:138)
	at org.junit.platform.engine.support.hierarchical.NodeTestTask.execute(NodeTestTask.java:95)
	at java.base/java.util.ArrayList.forEach(ArrayList.java:1596)
	at org.junit.platform.engine.support.hierarchical.SameThreadHierarchicalTestExecutorService.invokeAll(SameThreadHierarchicalTestExecutorService.java:41)
	at org.junit.platform.engine.support.hierarchical.NodeTestTask.lambda$executeRecursively$6(NodeTestTask.java:155)
	at org.junit.platform.engine.support.hierarchical.ThrowableCollector.execute(ThrowableCollector.java:73)
	at org.junit.platform.engine.support.hierarchical.NodeTestTask.lambda$executeRecursively$8(NodeTestTask.java:141)
	at org.junit.platform.engine.support.hierarchical.Node.around(Node.java:137)
	at org.junit.platform.engine.support.hierarchical.NodeTestTask.lambda$executeRecursively$9(NodeTestTask.java:139)
	at org.junit.platform.engine.support.hierarchical.ThrowableCollector.execute(ThrowableCollector.java:73)
	at org.junit.platform.engine.support.hierarchical.NodeTestTask.executeRecursively(NodeTestTask.java:138)
	at org.junit.platform.engine.support.hierarchical.NodeTestTask.execute(NodeTestTask.java:95)
	at org.junit.platform.engine.support.hierarchical.SameThreadHierarchicalTestExecutorService.submit(SameThreadHierarchicalTestExecutorService.java:35)
	at org.junit.platform.engine.support.hierarchical.HierarchicalTestExecutor.execute(HierarchicalTestExecutor.java:57)
	at org.junit.platform.engine.support.hierarchical.HierarchicalTestEngine.execute(HierarchicalTestEngine.java:54)
	at org.junit.platform.launcher.core.EngineExecutionOrchestrator.execute(EngineExecutionOrchestrator.java:198)
	at org.junit.platform.launcher.core.EngineExecutionOrchestrator.execute(EngineExecutionOrchestrator.java:169)
	at org.junit.platform.launcher.core.EngineExecutionOrchestrator.execute(EngineExecutionOrchestrator.java:93)
	at org.junit.platform.launcher.core.EngineExecutionOrchestrator.lambda$execute$0(EngineExecutionOrchestrator.java:58)
	at org.junit.platform.launcher.core.EngineExecutionOrchestrator.withInterceptedStreams(EngineExecutionOrchestrator.java:141)
	at org.junit.platform.launcher.core.EngineExecutionOrchestrator.execute(EngineExecutionOrchestrator.java:57)
	at org.junit.platform.launcher.core.DefaultLauncher.execute(DefaultLauncher.java:103)
	at org.junit.platform.launcher.core.DefaultLauncher.execute(DefaultLauncher.java:85)
	at org.junit.platform.launcher.core.DelegatingLauncher.execute(DelegatingLauncher.java:47)
	at org.junit.platform.launcher.core.SessionPerRequestLauncher.execute(SessionPerRequestLauncher.java:63)
	at com.intellij.junit5.JUnit5IdeaTestRunner.startRunnerWithArgs(JUnit5IdeaTestRunner.java:57)
	at com.intellij.rt.junit.IdeaTestRunner$Repeater$1.execute(IdeaTestRunner.java:38)
	at com.intellij.rt.execution.junit.TestsRepeater.repeat(TestsRepeater.java:11)
	at com.intellij.rt.junit.IdeaTestRunner$Repeater.startRunnerWithArgs(IdeaTestRunner.java:35)
	at com.intellij.rt.junit.JUnitStarter.prepareStreamsAndStart(JUnitStarter.java:232)
	at com.intellij.rt.junit.JUnitStarter.main(JUnitStarter.java:55)
2024-11-07 13:36:37 [main] INFO  com.logger.LoggerUtility - Completed parsing XML file: src/test/resources/trips.xml
2024-11-07 13:37:08 [main] INFO  com.logger.LoggerUtility - Completed parsing XML file: src/resources/trips.xml
2024-11-07 13:37:22 [main] INFO  com.logger.LoggerUtility - Completed parsing XML file: src/resources/trips.xml
2024-11-07 13:37:46 [main] INFO  com.logger.LoggerUtility - Completed parsing XML file: src/resources/trips.xml
2024-11-07 13:38:10 [main] INFO  com.logger.LoggerUtility - Completed parsing XML file: src/resources/trips.xml
2024-11-07 13:38:33 [main] INFO  com.logger.LoggerUtility - Completed parsing XML file: src/resources/trips.xml
2024-11-07 13:38:48 [main] ERROR com.logger.LoggerUtility - Error while parsing XML file: src/test/resources/empty_trips.xml
java.io.FileNotFoundException: C:\Users\olegp\IdeaProjects\lab_3\src\test\resources\empty_trips.xml (Системе не удается найти указанный путь)
	at java.base/java.io.FileInputStream.open0(Native Method)
	at java.base/java.io.FileInputStream.open(FileInputStream.java:213)
	at java.base/java.io.FileInputStream.<init>(FileInputStream.java:152)
	at java.base/java.io.FileInputStream.<init>(FileInputStream.java:106)
	at java.base/sun.net.www.protocol.file.FileURLConnection.connect(FileURLConnection.java:84)
	at java.base/sun.net.www.protocol.file.FileURLConnection.getInputStream(FileURLConnection.java:180)
	at java.xml/com.sun.org.apache.xerces.internal.impl.XMLEntityManager.setupCurrentEntity(XMLEntityManager.java:654)
	at java.xml/com.sun.org.apache.xerces.internal.impl.XMLVersionDetector.determineDocVersion(XMLVersionDetector.java:150)
	at java.xml/com.sun.org.apache.xerces.internal.parsers.XML11Configuration.parse(XML11Configuration.java:861)
	at java.xml/com.sun.org.apache.xerces.internal.parsers.XML11Configuration.parse(XML11Configuration.java:825)
	at java.xml/com.sun.org.apache.xerces.internal.parsers.XMLParser.parse(XMLParser.java:141)
	at java.xml/com.sun.org.apache.xerces.internal.parsers.DOMParser.parse(DOMParser.java:247)
	at java.xml/com.sun.org.apache.xerces.internal.jaxp.DocumentBuilderImpl.parse(DocumentBuilderImpl.java:342)
	at java.xml/javax.xml.parsers.DocumentBuilder.parse(DocumentBuilder.java:206)
	at com.parser.TouristVoucherDOMParser.parse(TouristVoucherDOMParser.java:24)
	at com.tests.TouristVoucherDOMParserTest.testParseEmptyXML(TouristVoucherDOMParserTest.java:44)
	at java.base/jdk.internal.reflect.DirectMethodHandleAccessor.invoke(DirectMethodHandleAccessor.java:103)
	at java.base/java.lang.reflect.Method.invoke(Method.java:580)
	at org.junit.platform.commons.util.ReflectionUtils.invokeMethod(ReflectionUtils.java:766)
	at org.junit.jupiter.engine.execution.MethodInvocation.proceed(MethodInvocation.java:60)
	at org.junit.jupiter.engine.execution.InvocationInterceptorChain$ValidatingInvocation.proceed(InvocationInterceptorChain.java:131)
	at org.junit.jupiter.engine.extension.TimeoutExtension.intercept(TimeoutExtension.java:156)
	at org.junit.jupiter.engine.extension.TimeoutExtension.interceptTestableMethod(TimeoutExtension.java:147)
	at org.junit.jupiter.engine.extension.TimeoutExtension.interceptTestMethod(TimeoutExtension.java:86)
	at org.junit.jupiter.engine.execution.InterceptingExecutableInvoker$ReflectiveInterceptorCall.lambda$ofVoidMethod$0(InterceptingExecutableInvoker.java:103)
	at org.junit.jupiter.engine.execution.InterceptingExecutableInvoker.lambda$invoke$0(InterceptingExecutableInvoker.java:93)
	at org.junit.jupiter.engine.execution.InvocationInterceptorChain$InterceptedInvocation.proceed(InvocationInterceptorChain.java:106)
	at org.junit.jupiter.engine.execution.InvocationInterceptorChain.proceed(InvocationInterceptorChain.java:64)
	at org.junit.jupiter.engine.execution.InvocationInterceptorChain.chainAndInvoke(InvocationInterceptorChain.java:45)
	at org.junit.jupiter.engine.execution.InvocationInterceptorChain.invoke(InvocationInterceptorChain.java:37)
	at org.junit.jupiter.engine.execution.InterceptingExecutableInvoker.invoke(InterceptingExecutableInvoker.java:92)
	at org.junit.jupiter.engine.execution.InterceptingExecutableInvoker.invoke(InterceptingExecutableInvoker.java:86)
	at org.junit.jupiter.engine.descriptor.TestMethodTestDescriptor.lambda$invokeTestMethod$8(TestMethodTestDescriptor.java:217)
	at org.junit.platform.engine.support.hierarchical.ThrowableCollector.execute(ThrowableCollector.java:73)
	at org.junit.jupiter.engine.descriptor.TestMethodTestDescriptor.invokeTestMethod(TestMethodTestDescriptor.java:213)
	at org.junit.jupiter.engine.descriptor.TestMethodTestDescriptor.execute(TestMethodTestDescriptor.java:138)
	at org.junit.jupiter.engine.descriptor.TestMethodTestDescriptor.execute(TestMethodTestDescriptor.java:68)
	at org.junit.platform.engine.support.hierarchical.NodeTestTask.lambda$executeRecursively$6(NodeTestTask.java:151)
	at org.junit.platform.engine.support.hierarchical.ThrowableCollector.execute(ThrowableCollector.java:73)
	at org.junit.platform.engine.support.hierarchical.NodeTestTask.lambda$executeRecursively$8(NodeTestTask.java:141)
	at org.junit.platform.engine.support.hierarchical.Node.around(Node.java:137)
	at org.junit.platform.engine.support.hierarchical.NodeTestTask.lambda$executeRecursively$9(NodeTestTask.java:139)
	at org.junit.platform.engine.support.hierarchical.ThrowableCollector.execute(ThrowableCollector.java:73)
	at org.junit.platform.engine.support.hierarchical.NodeTestTask.executeRecursively(NodeTestTask.java:138)
	at org.junit.platform.engine.support.hierarchical.NodeTestTask.execute(NodeTestTask.java:95)
	at java.base/java.util.ArrayList.forEach(ArrayList.java:1596)
	at org.junit.platform.engine.support.hierarchical.SameThreadHierarchicalTestExecutorService.invokeAll(SameThreadHierarchicalTestExecutorService.java:41)
	at org.junit.platform.engine.support.hierarchical.NodeTestTask.lambda$executeRecursively$6(NodeTestTask.java:155)
	at org.junit.platform.engine.support.hierarchical.ThrowableCollector.execute(ThrowableCollector.java:73)
	at org.junit.platform.engine.support.hierarchical.NodeTestTask.lambda$executeRecursively$8(NodeTestTask.java:141)
	at org.junit.platform.engine.support.hierarchical.Node.around(Node.java:137)
	at org.junit.platform.engine.support.hierarchical.NodeTestTask.lambda$executeRecursively$9(NodeTestTask.java:139)
	at org.junit.platform.engine.support.hierarchical.ThrowableCollector.execute(ThrowableCollector.java:73)
	at org.junit.platform.engine.support.hierarchical.NodeTestTask.executeRecursively(NodeTestTask.java:138)
	at org.junit.platform.engine.support.hierarchical.NodeTestTask.execute(NodeTestTask.java:95)
	at java.base/java.util.ArrayList.forEach(ArrayList.java:1596)
	at org.junit.platform.engine.support.hierarchical.SameThreadHierarchicalTestExecutorService.invokeAll(SameThreadHierarchicalTestExecutorService.java:41)
	at org.junit.platform.engine.support.hierarchical.NodeTestTask.lambda$executeRecursively$6(NodeTestTask.java:155)
	at org.junit.platform.engine.support.hierarchical.ThrowableCollector.execute(ThrowableCollector.java:73)
	at org.junit.platform.engine.support.hierarchical.NodeTestTask.lambda$executeRecursively$8(NodeTestTask.java:141)
	at org.junit.platform.engine.support.hierarchical.Node.around(Node.java:137)
	at org.junit.platform.engine.support.hierarchical.NodeTestTask.lambda$executeRecursively$9(NodeTestTask.java:139)
	at org.junit.platform.engine.support.hierarchical.ThrowableCollector.execute(ThrowableCollector.java:73)
	at org.junit.platform.engine.support.hierarchical.NodeTestTask.executeRecursively(NodeTestTask.java:138)
	at org.junit.platform.engine.support.hierarchical.NodeTestTask.execute(NodeTestTask.java:95)
	at org.junit.platform.engine.support.hierarchical.SameThreadHierarchicalTestExecutorService.submit(SameThreadHierarchicalTestExecutorService.java:35)
	at org.junit.platform.engine.support.hierarchical.HierarchicalTestExecutor.execute(HierarchicalTestExecutor.java:57)
	at org.junit.platform.engine.support.hierarchical.HierarchicalTestEngine.execute(HierarchicalTestEngine.java:54)
	at org.junit.platform.launcher.core.EngineExecutionOrchestrator.execute(EngineExecutionOrchestrator.java:198)
	at org.junit.platform.launcher.core.EngineExecutionOrchestrator.execute(EngineExecutionOrchestrator.java:169)
	at org.junit.platform.launcher.core.EngineExecutionOrchestrator.execute(EngineExecutionOrchestrator.java:93)
	at org.junit.platform.launcher.core.EngineExecutionOrchestrator.lambda$execute$0(EngineExecutionOrchestrator.java:58)
	at org.junit.platform.launcher.core.EngineExecutionOrchestrator.withInterceptedStreams(EngineExecutionOrchestrator.java:141)
	at org.junit.platform.launcher.core.EngineExecutionOrchestrator.execute(EngineExecutionOrchestrator.java:57)
	at org.junit.platform.launcher.core.DefaultLauncher.execute(DefaultLauncher.java:103)
	at org.junit.platform.launcher.core.DefaultLauncher.execute(DefaultLauncher.java:85)
	at org.junit.platform.launcher.core.DelegatingLauncher.execute(DelegatingLauncher.java:47)
	at org.junit.platform.launcher.core.SessionPerRequestLauncher.execute(SessionPerRequestLauncher.java:63)
	at com.intellij.junit5.JUnit5IdeaTestRunner.startRunnerWithArgs(JUnit5IdeaTestRunner.java:57)
	at com.intellij.rt.junit.IdeaTestRunner$Repeater$1.execute(IdeaTestRunner.java:38)
	at com.intellij.rt.execution.junit.TestsRepeater.repeat(TestsRepeater.java:11)
	at com.intellij.rt.junit.IdeaTestRunner$Repeater.startRunnerWithArgs(IdeaTestRunner.java:35)
	at com.intellij.rt.junit.JUnitStarter.prepareStreamsAndStart(JUnitStarter.java:232)
	at com.intellij.rt.junit.JUnitStarter.main(JUnitStarter.java:55)
